<?xml version="1.0" encoding="UTF-8"?>
<!-- Generated by org.testng.reporters.JUnitReportReporter -->
<testsuite skipped="0" hostname="Yashs-MacBook-Air.local" name="cucumberOptions.TestNGTestRunner" tests="1" failures="0" timestamp="2024-07-11T22:14:31 IST" time="13.903" errors="0">
  <testcase name="runScenario" time="13.903" classname="cucumberOptions.TestNGTestRunner"/>
  <system-out/>
</testsuite> <!-- cucumberOptions.TestNGTestRunner -->
